2025-04-05 11:04:23.832  WARN 22368 --- [restartedMain] JpaBaseConfiguration$JpaWebConfiguration : spring.jpa.open-in-view is enabled by default. Therefore, database queries may be performed during view rendering. Explicitly configure spring.jpa.open-in-view to disable this warning
2025-04-05 11:04:37.671  WARN 22368 --- [http-nio-8080-exec-7] a.service.CustomUserDetailsService       : CustomUserDetailsService.loadUserByUsername: INITIALISATION
2025-04-05 11:04:37.730  WARN 22368 --- [http-nio-8080-exec-7] a.service.CustomUserDetailsService       : CustomUserDetailsService.loadUserByUsername Successful authorization with user: u
2025-04-05 11:04:37.732  WARN 22368 --- [http-nio-8080-exec-7] a.service.CustomUserDetailsService       : CustomUserDetailsService.loadUserByUsername User's role is : USER
2025-04-05 17:47:15.870  WARN 20660 --- [restartedMain] JpaBaseConfiguration$JpaWebConfiguration : spring.jpa.open-in-view is enabled by default. Therefore, database queries may be performed during view rendering. Explicitly configure spring.jpa.open-in-view to disable this warning
2025-04-05 17:47:34.154  WARN 20660 --- [http-nio-8080-exec-7] a.service.CustomUserDetailsService       : CustomUserDetailsService.loadUserByUsername: INITIALISATION
2025-04-05 17:47:34.231  WARN 20660 --- [http-nio-8080-exec-7] a.service.CustomUserDetailsService       : CustomUserDetailsService.loadUserByUsername Successful authorization with user: u
2025-04-05 17:47:34.233  WARN 20660 --- [http-nio-8080-exec-7] a.service.CustomUserDetailsService       : CustomUserDetailsService.loadUserByUsername User's role is : USER
2025-04-05 17:48:25.354  WARN 18680 --- [restartedMain] JpaBaseConfiguration$JpaWebConfiguration : spring.jpa.open-in-view is enabled by default. Therefore, database queries may be performed during view rendering. Explicitly configure spring.jpa.open-in-view to disable this warning
2025-04-05 17:48:31.810  WARN 18680 --- [http-nio-8080-exec-1] o.a.c.util.SessionIdGeneratorBase        : Creation of SecureRandom instance for session ID generation using [SHA1PRNG] took [271] milliseconds.
2025-04-05 17:48:36.120  WARN 18680 --- [http-nio-8080-exec-8] a.service.CustomUserDetailsService       : CustomUserDetailsService.loadUserByUsername: INITIALISATION
2025-04-05 17:48:36.184  WARN 18680 --- [http-nio-8080-exec-8] a.service.CustomUserDetailsService       : CustomUserDetailsService.loadUserByUsername Successful authorization with user: u
2025-04-05 17:48:36.186  WARN 18680 --- [http-nio-8080-exec-8] a.service.CustomUserDetailsService       : CustomUserDetailsService.loadUserByUsername User's role is : ADMIN
2025-04-05 17:50:56.080  WARN 18960 --- [restartedMain] JpaBaseConfiguration$JpaWebConfiguration : spring.jpa.open-in-view is enabled by default. Therefore, database queries may be performed during view rendering. Explicitly configure spring.jpa.open-in-view to disable this warning
2025-04-05 17:51:07.597  WARN 18960 --- [http-nio-8080-exec-6] a.service.CustomUserDetailsService       : CustomUserDetailsService.loadUserByUsername: INITIALISATION
2025-04-05 17:51:07.663  WARN 18960 --- [http-nio-8080-exec-6] a.service.CustomUserDetailsService       : CustomUserDetailsService.loadUserByUsername Successful authorization with user: u
2025-04-05 17:51:07.664  WARN 18960 --- [http-nio-8080-exec-6] a.service.CustomUserDetailsService       : CustomUserDetailsService.loadUserByUsername User's role is : ADMIN
2025-04-05 18:40:18.591  WARN 18064 --- [restartedMain] JpaBaseConfiguration$JpaWebConfiguration : spring.jpa.open-in-view is enabled by default. Therefore, database queries may be performed during view rendering. Explicitly configure spring.jpa.open-in-view to disable this warning
2025-04-05 18:40:40.212  WARN 18064 --- [http-nio-8080-exec-7] a.service.CustomUserDetailsService       : CustomUserDetailsService.loadUserByUsername: INITIALISATION
2025-04-05 18:40:40.259  WARN 18064 --- [http-nio-8080-exec-7] a.service.CustomUserDetailsService       : CustomUserDetailsService.loadUserByUsername Successful authorization with user: u
2025-04-05 18:40:40.261  WARN 18064 --- [http-nio-8080-exec-7] a.service.CustomUserDetailsService       : CustomUserDetailsService.loadUserByUsername User's role is : ADMIN
2025-04-05 18:44:23.345  WARN 2308 --- [restartedMain] JpaBaseConfiguration$JpaWebConfiguration : spring.jpa.open-in-view is enabled by default. Therefore, database queries may be performed during view rendering. Explicitly configure spring.jpa.open-in-view to disable this warning
2025-04-05 18:44:48.746  WARN 2308 --- [http-nio-8080-exec-6] a.service.CustomUserDetailsService       : CustomUserDetailsService.loadUserByUsername: INITIALISATION
2025-04-05 18:44:48.793  WARN 2308 --- [http-nio-8080-exec-6] a.service.CustomUserDetailsService       : CustomUserDetailsService.loadUserByUsername Successful authorization with user: u
2025-04-05 18:44:48.794  WARN 2308 --- [http-nio-8080-exec-6] a.service.CustomUserDetailsService       : CustomUserDetailsService.loadUserByUsername User's role is : ADMIN
2025-04-05 18:46:45.255  WARN 19064 --- [restartedMain] JpaBaseConfiguration$JpaWebConfiguration : spring.jpa.open-in-view is enabled by default. Therefore, database queries may be performed during view rendering. Explicitly configure spring.jpa.open-in-view to disable this warning
2025-04-05 18:47:00.291  WARN 19064 --- [http-nio-8080-exec-7] a.service.CustomUserDetailsService       : CustomUserDetailsService.loadUserByUsername: INITIALISATION
2025-04-05 18:47:00.341  WARN 19064 --- [http-nio-8080-exec-7] a.service.CustomUserDetailsService       : CustomUserDetailsService.loadUserByUsername Successful authorization with user: u
2025-04-05 18:47:00.342  WARN 19064 --- [http-nio-8080-exec-7] a.service.CustomUserDetailsService       : CustomUserDetailsService.loadUserByUsername User's role is : USER
2025-04-05 18:47:57.965  WARN 19944 --- [restartedMain] JpaBaseConfiguration$JpaWebConfiguration : spring.jpa.open-in-view is enabled by default. Therefore, database queries may be performed during view rendering. Explicitly configure spring.jpa.open-in-view to disable this warning
2025-04-05 18:48:06.157  WARN 19944 --- [http-nio-8080-exec-5] a.service.CustomUserDetailsService       : CustomUserDetailsService.loadUserByUsername: INITIALISATION
2025-04-05 18:48:06.268  WARN 19944 --- [http-nio-8080-exec-5] a.service.CustomUserDetailsService       : CustomUserDetailsService.loadUserByUsername Successful authorization with user: u
2025-04-05 18:48:06.271  WARN 19944 --- [http-nio-8080-exec-5] a.service.CustomUserDetailsService       : CustomUserDetailsService.loadUserByUsername User's role is : ADMIN
2025-04-05 18:57:31.717  WARN 12860 --- [restartedMain] JpaBaseConfiguration$JpaWebConfiguration : spring.jpa.open-in-view is enabled by default. Therefore, database queries may be performed during view rendering. Explicitly configure spring.jpa.open-in-view to disable this warning
2025-04-05 18:57:48.068  WARN 12860 --- [restartedMain] JpaBaseConfiguration$JpaWebConfiguration : spring.jpa.open-in-view is enabled by default. Therefore, database queries may be performed during view rendering. Explicitly configure spring.jpa.open-in-view to disable this warning
2025-04-05 18:57:58.366  WARN 12860 --- [restartedMain] JpaBaseConfiguration$JpaWebConfiguration : spring.jpa.open-in-view is enabled by default. Therefore, database queries may be performed during view rendering. Explicitly configure spring.jpa.open-in-view to disable this warning
2025-04-05 18:58:25.516  WARN 18324 --- [restartedMain] JpaBaseConfiguration$JpaWebConfiguration : spring.jpa.open-in-view is enabled by default. Therefore, database queries may be performed during view rendering. Explicitly configure spring.jpa.open-in-view to disable this warning
2025-04-05 18:58:33.697  WARN 18324 --- [http-nio-8080-exec-2] a.service.CustomUserDetailsService       : CustomUserDetailsService.loadUserByUsername: INITIALISATION
2025-04-05 18:58:33.763  WARN 18324 --- [http-nio-8080-exec-2] a.service.CustomUserDetailsService       : CustomUserDetailsService.loadUserByUsername Successful authorization with user: u
2025-04-05 18:58:33.764  WARN 18324 --- [http-nio-8080-exec-2] a.service.CustomUserDetailsService       : CustomUserDetailsService.loadUserByUsername User's role is : ADMIN
2025-04-05 19:03:39.267  WARN 23696 --- [restartedMain] JpaBaseConfiguration$JpaWebConfiguration : spring.jpa.open-in-view is enabled by default. Therefore, database queries may be performed during view rendering. Explicitly configure spring.jpa.open-in-view to disable this warning
2025-04-05 19:03:57.320  WARN 23696 --- [restartedMain] JpaBaseConfiguration$JpaWebConfiguration : spring.jpa.open-in-view is enabled by default. Therefore, database queries may be performed during view rendering. Explicitly configure spring.jpa.open-in-view to disable this warning
2025-04-05 19:04:03.668  WARN 23696 --- [restartedMain] JpaBaseConfiguration$JpaWebConfiguration : spring.jpa.open-in-view is enabled by default. Therefore, database queries may be performed during view rendering. Explicitly configure spring.jpa.open-in-view to disable this warning
2025-04-05 19:04:09.169  WARN 23696 --- [http-nio-8080-exec-1] a.service.CustomUserDetailsService       : CustomUserDetailsService.loadUserByUsername: INITIALISATION
2025-04-05 19:04:09.216  WARN 23696 --- [http-nio-8080-exec-1] a.service.CustomUserDetailsService       : CustomUserDetailsService.loadUserByUsername Successful authorization with user: u
2025-04-05 19:04:09.217  WARN 23696 --- [http-nio-8080-exec-1] a.service.CustomUserDetailsService       : CustomUserDetailsService.loadUserByUsername User's role is : USER
2025-04-05 19:06:30.198  WARN 11900 --- [restartedMain] JpaBaseConfiguration$JpaWebConfiguration : spring.jpa.open-in-view is enabled by default. Therefore, database queries may be performed during view rendering. Explicitly configure spring.jpa.open-in-view to disable this warning
2025-04-05 19:06:46.862  WARN 11900 --- [http-nio-8080-exec-6] a.service.CustomUserDetailsService       : CustomUserDetailsService.loadUserByUsername: INITIALISATION
2025-04-05 19:06:46.910  WARN 11900 --- [http-nio-8080-exec-6] a.service.CustomUserDetailsService       : CustomUserDetailsService.loadUserByUsername Successful authorization with user: u
2025-04-05 19:06:46.911  WARN 11900 --- [http-nio-8080-exec-6] a.service.CustomUserDetailsService       : CustomUserDetailsService.loadUserByUsername User's role is : USER
2025-04-05 19:07:37.983  WARN 1712 --- [restartedMain] JpaBaseConfiguration$JpaWebConfiguration : spring.jpa.open-in-view is enabled by default. Therefore, database queries may be performed during view rendering. Explicitly configure spring.jpa.open-in-view to disable this warning
2025-04-05 19:07:49.103  WARN 1712 --- [http-nio-8080-exec-7] a.service.CustomUserDetailsService       : CustomUserDetailsService.loadUserByUsername: INITIALISATION
2025-04-05 19:07:49.193  WARN 1712 --- [http-nio-8080-exec-7] a.service.CustomUserDetailsService       : CustomUserDetailsService.loadUserByUsername Successful authorization with user: u
2025-04-05 19:07:49.195  WARN 1712 --- [http-nio-8080-exec-7] a.service.CustomUserDetailsService       : CustomUserDetailsService.loadUserByUsername User's role is : USER
2025-04-05 19:10:37.248  WARN 4176 --- [restartedMain] JpaBaseConfiguration$JpaWebConfiguration : spring.jpa.open-in-view is enabled by default. Therefore, database queries may be performed during view rendering. Explicitly configure spring.jpa.open-in-view to disable this warning
2025-04-05 19:11:10.365  WARN 4176 --- [http-nio-8080-exec-7] a.service.CustomUserDetailsService       : CustomUserDetailsService.loadUserByUsername: INITIALISATION
2025-04-05 19:11:10.411  WARN 4176 --- [http-nio-8080-exec-7] a.service.CustomUserDetailsService       : CustomUserDetailsService.loadUserByUsername Successful authorization with user: u
2025-04-05 19:11:10.412  WARN 4176 --- [http-nio-8080-exec-7] a.service.CustomUserDetailsService       : CustomUserDetailsService.loadUserByUsername User's role is : USER
2025-04-05 19:14:07.059  WARN 21416 --- [restartedMain] JpaBaseConfiguration$JpaWebConfiguration : spring.jpa.open-in-view is enabled by default. Therefore, database queries may be performed during view rendering. Explicitly configure spring.jpa.open-in-view to disable this warning
2025-04-05 19:15:01.808  WARN 21416 --- [http-nio-8080-exec-8] a.service.CustomUserDetailsService       : CustomUserDetailsService.loadUserByUsername: INITIALISATION
2025-04-05 19:15:01.855  WARN 21416 --- [http-nio-8080-exec-8] a.service.CustomUserDetailsService       : CustomUserDetailsService.loadUserByUsername Successful authorization with user: u
2025-04-05 19:15:01.857  WARN 21416 --- [http-nio-8080-exec-8] a.service.CustomUserDetailsService       : CustomUserDetailsService.loadUserByUsername User's role is : USER
2025-04-05 19:15:44.192  WARN 3988 --- [restartedMain] JpaBaseConfiguration$JpaWebConfiguration : spring.jpa.open-in-view is enabled by default. Therefore, database queries may be performed during view rendering. Explicitly configure spring.jpa.open-in-view to disable this warning
2025-04-05 19:15:59.636  WARN 3988 --- [http-nio-8080-exec-7] a.service.CustomUserDetailsService       : CustomUserDetailsService.loadUserByUsername: INITIALISATION
2025-04-05 19:15:59.688  WARN 3988 --- [http-nio-8080-exec-7] a.service.CustomUserDetailsService       : CustomUserDetailsService.loadUserByUsername Successful authorization with user: u
2025-04-05 19:15:59.690  WARN 3988 --- [http-nio-8080-exec-7] a.service.CustomUserDetailsService       : CustomUserDetailsService.loadUserByUsername User's role is : ADMIN
2025-04-05 19:20:31.351  WARN 13700 --- [restartedMain] JpaBaseConfiguration$JpaWebConfiguration : spring.jpa.open-in-view is enabled by default. Therefore, database queries may be performed during view rendering. Explicitly configure spring.jpa.open-in-view to disable this warning
2025-04-05 19:20:40.284  WARN 13700 --- [http-nio-8080-exec-7] a.service.CustomUserDetailsService       : CustomUserDetailsService.loadUserByUsername: INITIALISATION
2025-04-05 19:20:40.364  WARN 13700 --- [http-nio-8080-exec-7] a.service.CustomUserDetailsService       : CustomUserDetailsService.loadUserByUsername Successful authorization with user: u
2025-04-05 19:20:40.365  WARN 13700 --- [http-nio-8080-exec-7] a.service.CustomUserDetailsService       : CustomUserDetailsService.loadUserByUsername User's role is : USER
2025-04-05 19:23:42.129  WARN 23944 --- [restartedMain] JpaBaseConfiguration$JpaWebConfiguration : spring.jpa.open-in-view is enabled by default. Therefore, database queries may be performed during view rendering. Explicitly configure spring.jpa.open-in-view to disable this warning
2025-04-05 19:23:47.101  WARN 23944 --- [http-nio-8080-exec-1] o.a.c.util.SessionIdGeneratorBase        : Creation of SecureRandom instance for session ID generation using [SHA1PRNG] took [117] milliseconds.
2025-04-05 19:23:50.865  WARN 23944 --- [http-nio-8080-exec-7] a.service.CustomUserDetailsService       : CustomUserDetailsService.loadUserByUsername: INITIALISATION
2025-04-05 19:23:50.912  WARN 23944 --- [http-nio-8080-exec-7] a.service.CustomUserDetailsService       : CustomUserDetailsService.loadUserByUsername Successful authorization with user: u
2025-04-05 19:23:50.913  WARN 23944 --- [http-nio-8080-exec-7] a.service.CustomUserDetailsService       : CustomUserDetailsService.loadUserByUsername User's role is : USER
2025-04-05 20:10:05.558  WARN 14820 --- [restartedMain] JpaBaseConfiguration$JpaWebConfiguration : spring.jpa.open-in-view is enabled by default. Therefore, database queries may be performed during view rendering. Explicitly configure spring.jpa.open-in-view to disable this warning
2025-04-05 20:10:24.479  WARN 14820 --- [http-nio-8080-exec-7] a.service.CustomUserDetailsService       : CustomUserDetailsService.loadUserByUsername: INITIALISATION
2025-04-05 20:10:24.539  WARN 14820 --- [http-nio-8080-exec-7] a.service.CustomUserDetailsService       : CustomUserDetailsService.loadUserByUsername Successful authorization with user: u
2025-04-05 20:10:24.541  WARN 14820 --- [http-nio-8080-exec-7] a.service.CustomUserDetailsService       : CustomUserDetailsService.loadUserByUsername User's role is : ADMIN
2025-04-05 20:16:36.984  WARN 12220 --- [restartedMain] JpaBaseConfiguration$JpaWebConfiguration : spring.jpa.open-in-view is enabled by default. Therefore, database queries may be performed during view rendering. Explicitly configure spring.jpa.open-in-view to disable this warning
2025-04-05 20:16:47.771  WARN 12220 --- [http-nio-8080-exec-7] a.service.CustomUserDetailsService       : CustomUserDetailsService.loadUserByUsername: INITIALISATION
2025-04-05 20:16:47.841  WARN 12220 --- [http-nio-8080-exec-7] a.service.CustomUserDetailsService       : CustomUserDetailsService.loadUserByUsername Successful authorization with user: u
2025-04-05 20:16:47.843  WARN 12220 --- [http-nio-8080-exec-7] a.service.CustomUserDetailsService       : CustomUserDetailsService.loadUserByUsername User's role is : ADMIN
